Base path: C:/Program Files (x86)/Unity/Editor/Data
Pipe name: \\.\pipe\UnityShaderCompiler-7-8036
Cmd: getPlatforms
Cmd: compileSnippet
  api=9 type=0 insize=2144 outsize=2210 kw= ok=1
Cmd: compileSnippet
  api=9 type=1 insize=1064 outsize=7 kw= ok=1
Cmd: compileSnippet
  api=9 type=0 insize=1259 outsize=1129 kw= ok=1
Cmd: compileSnippet
  api=9 type=1 insize=1941 outsize=7 kw= ok=1
Cmd: compileSnippet
  api=9 type=0 insize=2291 outsize=2552 kw= ok=1
Cmd: compileSnippet
  api=9 type=1 insize=1267 outsize=7 kw= ok=1
Cmd: compileSnippet
  api=9 type=0 insize=1106 outsize=1037 kw= ok=1
Cmd: compileSnippet
  api=9 type=1 insize=1058 outsize=7 kw= ok=1
Unhandled exception: Readfile from pipe failed. GLE=파이프가 끝났습니다.


Quitting shader compiler process
