Base path: C:/Program Files (x86)/Unity/Editor/Data
Pipe name: \\.\pipe\UnityShaderCompiler-1-6716
Cmd: getPlatforms
Cmd: compileSnippet
  api=0 type=0 insize=880 outsize=360 kw= ok=1
Cmd: compileSnippet
  api=1 type=1 insize=880 outsize=81 kw= ok=1
Cmd: compileSnippet
  api=0 type=1 insize=1777 outsize=471 kw= ok=1
Cmd: compileSnippet
  api=0 type=0 insize=1388 outsize=441 kw= ok=1
Cmd: compileSnippet
  api=1 type=1 insize=1388 outsize=462 kw= ok=1
Cmd: compileSnippet
  api=8 type=1 insize=2308 outsize=2966 kw= ok=1
Cmd: compileSnippet
  api=0 type=0 insize=2161 outsize=862 kw= ok=1
Cmd: compileSnippet
  api=0 type=1 insize=2161 outsize=623 kw= ok=1
Cmd: compileSnippet
  api=0 type=0 insize=1408 outsize=488 kw= ok=1
Cmd: compileSnippet
  api=1 type=1 insize=1408 outsize=276 kw= ok=1
Cmd: compileSnippet
  api=1 type=1 insize=1795 outsize=362 kw= ok=1
Cmd: compileSnippet
  api=1 type=0 insize=2226 outsize=425 kw= ok=1
Cmd: compileSnippet
  api=1 type=1 insize=2226 outsize=430 kw= ok=1
Cmd: compileSnippet
  api=1 type=0 insize=1104 outsize=240 kw= ok=1
Cmd: compileSnippet
  api=8 type=1 insize=1104 outsize=1471 kw= ok=1
Cmd: compileSnippet
  api=1 type=1 insize=931 outsize=104 kw= ok=1
Cmd: compileSnippet
  api=8 type=1 insize=2144 outsize=2592 kw= ok=1
Cmd: compileSnippet
  api=1 type=0 insize=1064 outsize=190 kw= ok=1
Cmd: compileSnippet
  api=8 type=0 insize=1336 outsize=1950 kw= ok=1
Cmd: compileSnippet
  api=1 type=1 insize=1259 outsize=246 kw= ok=1
Cmd: compileSnippet
  api=1 type=0 insize=1941 outsize=340 kw= ok=1
Cmd: compileSnippet
  api=1 type=0 insize=1244 outsize=186 kw= ok=1
Cmd: compileSnippet
  api=8 type=1 insize=1244 outsize=1690 kw= ok=1
Cmd: compileSnippet
  api=8 type=1 insize=2291 outsize=3494 kw= ok=1
Cmd: compileSnippet
  api=8 type=0 insize=1267 outsize=1950 kw= ok=1
Cmd: compileSnippet
  api=8 type=0 insize=889 outsize=1690 kw= ok=1
Cmd: compileSnippet
  api=8 type=0 insize=1106 outsize=2162 kw= ok=1
Cmd: compileSnippet
  api=8 type=0 insize=1058 outsize=1690 kw= ok=1
Cmd: compileSnippet
  api=8 type=0 insize=1924 outsize=2430 kw= ok=1
Cmd: compileSnippet
  api=8 type=1 insize=1924 outsize=2974 kw= ok=1
