Base path: C:/Program Files (x86)/Unity/Editor/Data
Pipe name: \\.\pipe\UnityShaderCompiler-6-9504
Cmd: getPlatforms
Cmd: compileSnippet
  api=0 type=0 insize=1777 outsize=660 kw= ok=1
Cmd: compileSnippet
  api=8 type=1 insize=1777 outsize=2040 kw= ok=1
Cmd: compileSnippet
  api=8 type=0 insize=1388 outsize=1950 kw= ok=1
Cmd: compileSnippet
  api=8 type=0 insize=2308 outsize=3193 kw= ok=1
Cmd: compileSnippet
  api=0 type=1 insize=1795 outsize=505 kw= ok=1
Cmd: compileSnippet
  api=0 type=0 insize=1104 outsize=472 kw= ok=1
Cmd: compileSnippet
  api=0 type=0 insize=931 outsize=360 kw= ok=1
Cmd: compileSnippet
  api=0 type=0 insize=1186 outsize=472 kw= ok=1
Cmd: compileSnippet
  api=8 type=0 insize=2144 outsize=2958 kw= ok=1
Cmd: compileSnippet
  api=8 type=0 insize=1064 outsize=1926 kw= ok=1
Cmd: compileSnippet
  api=0 type=0 insize=1336 outsize=441 kw= ok=1
Cmd: compileSnippet
  api=0 type=0 insize=1259 outsize=441 kw= ok=1
Cmd: compileSnippet
  api=8 type=0 insize=1941 outsize=2665 kw= ok=1
Cmd: compileSnippet
  api=8 type=0 insize=2291 outsize=2958 kw= ok=1
Cmd: compileSnippet
  api=0 type=0 insize=1267 outsize=441 kw= ok=1
Cmd: compileSnippet
  api=1 type=0 insize=889 outsize=158 kw= ok=1
Cmd: compileSnippet
  api=0 type=0 insize=1106 outsize=472 kw= ok=1
Cmd: compileSnippet
  api=0 type=1 insize=1924 outsize=709 kw= ok=1
Unhandled exception: Readfile from pipe failed. GLE=파이프가 끝났습니다.


Quitting shader compiler process
