Base path: C:/Program Files (x86)/Unity/Editor/Data
Pipe name: \\.\pipe\UnityShaderCompiler-4-9120
Cmd: getPlatforms
Cmd: compileSnippet
  api=0 type=1 insize=880 outsize=143 kw= ok=1
Cmd: compileSnippet
  api=1 type=0 insize=1388 outsize=186 kw= ok=1
Cmd: compileSnippet
  api=1 type=0 insize=2308 outsize=457 kw= ok=1
Cmd: compileSnippet
  api=1 type=0 insize=2161 outsize=425 kw= ok=1
Cmd: compileSnippet
  api=1 type=0 insize=1408 outsize=218 kw= ok=1
Cmd: compileSnippet
  api=8 type=0 insize=1795 outsize=2430 kw= ok=1
Cmd: compileSnippet
  api=0 type=0 insize=2226 outsize=862 kw= ok=1
Cmd: compileSnippet
  api=8 type=0 insize=1859 outsize=2430 kw= ok=1
Cmd: compileSnippet
  api=8 type=1 insize=1859 outsize=2032 kw= ok=1
Cmd: compileSnippet
  api=8 type=0 insize=931 outsize=1690 kw= ok=1
Cmd: compileSnippet
  api=8 type=1 insize=931 outsize=1113 kw= ok=1
Cmd: compileSnippet
  api=8 type=1 insize=1186 outsize=1463 kw= ok=1
Cmd: compileSnippet
  api=1 type=1 insize=2144 outsize=450 kw= ok=1
Cmd: compileSnippet
  api=1 type=1 insize=1064 outsize=156 kw= ok=1
Cmd: compileSnippet
  api=0 type=1 insize=1941 outsize=546 kw= ok=1
Cmd: compileSnippet
  api=0 type=1 insize=1244 outsize=344 kw= ok=1
Cmd: compileSnippet
  api=1 type=1 insize=1267 outsize=459 kw= ok=1
Cmd: compileSnippet
  api=8 type=1 insize=889 outsize=1048 kw= ok=1
Cmd: compileSnippet
  api=0 type=0 insize=1058 outsize=360 kw= ok=1
Unhandled exception: Readfile from pipe failed. GLE=파이프가 끝났습니다.


Quitting shader compiler process
