Base path: C:/Program Files (x86)/Unity/Editor/Data
Pipe name: \\.\pipe\UnityShaderCompiler-5-9244
Cmd: getPlatforms
Cmd: compileSnippet
  api=9 type=0 insize=1388 outsize=1492 kw= ok=1
Cmd: compileSnippet
  api=9 type=1 insize=2308 outsize=7 kw= ok=1
Cmd: compileSnippet
  api=9 type=0 insize=1408 outsize=1346 kw= ok=1
Cmd: compileSnippet
  api=9 type=1 insize=1795 outsize=7 kw= ok=1
Cmd: compileSnippet
  api=9 type=0 insize=1859 outsize=1809 kw= ok=1
Cmd: compileSnippet
  api=9 type=1 insize=1104 outsize=7 kw= ok=1
Cmd: compileSnippet
  api=9 type=0 insize=1186 outsize=1171 kw= ok=1
Cmd: compileSnippet
  api=9 type=1 insize=2144 outsize=7 kw= ok=1
Cmd: compileSnippet
  api=9 type=0 insize=1244 outsize=1153 kw= ok=1
Cmd: compileSnippet
  api=9 type=1 insize=2291 outsize=7 kw= ok=1
Cmd: compileSnippet
  api=9 type=0 insize=889 outsize=652 kw= ok=1
Cmd: compileSnippet
  api=9 type=1 insize=1106 outsize=7 kw= ok=1
Cmd: compileSnippet
  api=9 type=0 insize=1924 outsize=2026 kw= ok=1
Unhandled exception: Readfile from pipe failed. GLE=파이프가 끝났습니다.


Quitting shader compiler process
