Base path: C:/Program Files (x86)/Unity/Editor/Data
Pipe name: \\.\pipe\UnityShaderCompiler-2-4656
Cmd: getPlatforms
Cmd: compileSnippet
  api=1 type=0 insize=880 outsize=158 kw= ok=1
Cmd: compileSnippet
  api=1 type=0 insize=1777 outsize=308 kw= ok=1
Cmd: compileSnippet
  api=8 type=1 insize=1388 outsize=2600 kw= ok=1
Cmd: compileSnippet
  api=8 type=0 insize=2161 outsize=2958 kw= ok=1
Cmd: compileSnippet
  api=8 type=1 insize=2161 outsize=2584 kw= ok=1
Cmd: compileSnippet
  api=8 type=1 insize=1408 outsize=2097 kw= ok=1
Cmd: compileSnippet
  api=8 type=1 insize=1795 outsize=2064 kw= ok=1
Cmd: compileSnippet
  api=8 type=1 insize=2226 outsize=2584 kw= ok=1
Cmd: compileSnippet
  api=0 type=1 insize=1104 outsize=244 kw= ok=1
Cmd: compileSnippet
  api=8 type=0 insize=1186 outsize=2162 kw= ok=1
Cmd: compileSnippet
  api=0 type=0 insize=2144 outsize=863 kw= ok=1
Cmd: compileSnippet
  api=1 type=0 insize=1336 outsize=186 kw= ok=1
Cmd: compileSnippet
  api=1 type=0 insize=1259 outsize=186 kw= ok=1
Cmd: compileSnippet
  api=0 type=1 insize=2291 outsize=829 kw= ok=1
Cmd: compileSnippet
  api=0 type=1 insize=889 outsize=143 kw= ok=1
Cmd: compileSnippet
  api=1 type=0 insize=1058 outsize=158 kw= ok=1
Cmd: compileSnippet
  api=1 type=0 insize=1924 outsize=308 kw= ok=1
Unhandled exception: Readfile from pipe failed. GLE=파이프가 끝났습니다.


Quitting shader compiler process
