Base path: C:/Program Files (x86)/Unity/Editor/Data
Pipe name: \\.\pipe\UnityShaderCompiler-3-2352
Cmd: getPlatforms
Cmd: compileSnippet
  api=8 type=0 insize=880 outsize=1690 kw= ok=1
Cmd: compileSnippet
  api=8 type=0 insize=1777 outsize=2430 kw= ok=1
Cmd: compileSnippet
  api=0 type=1 insize=1388 outsize=585 kw= ok=1
Cmd: compileSnippet
  api=1 type=1 insize=2308 outsize=509 kw= ok=1
Cmd: compileSnippet
  api=8 type=0 insize=1408 outsize=2186 kw= ok=1
Cmd: compileSnippet
  api=8 type=0 insize=2226 outsize=2958 kw= ok=1
Cmd: compileSnippet
  api=0 type=1 insize=1859 outsize=443 kw= ok=1
Cmd: compileSnippet
  api=1 type=0 insize=931 outsize=158 kw= ok=1
Cmd: compileSnippet
  api=1 type=0 insize=1186 outsize=240 kw= ok=1
Cmd: compileSnippet
  api=1 type=0 insize=2144 outsize=425 kw= ok=1
Cmd: compileSnippet
  api=8 type=1 insize=1336 outsize=1682 kw= ok=1
Cmd: compileSnippet
  api=1 type=1 insize=1941 outsize=410 kw= ok=1
Cmd: compileSnippet
  api=1 type=1 insize=2291 outsize=695 kw= ok=1
Cmd: compileSnippet
  api=8 type=1 insize=1267 outsize=2535 kw= ok=1
Cmd: compileSnippet
  api=1 type=1 insize=1106 outsize=164 kw= ok=1
Cmd: compileSnippet
  api=0 type=0 insize=1924 outsize=660 kw= ok=1
Unhandled exception: Readfile from pipe failed. GLE=파이프가 끝났습니다.


Quitting shader compiler process
